Flutter crash report; please file at https://github.com/flutter/flutter/issues.

## command

flutter --no-color packages get

## exception

VersionCheckError: VersionCheckError: Command exited with code 1: git log -n 1 --pretty=format:%ad --date=iso
Standard error: error launching git: The process cannot access the file because it is being used by another process.


```
#0      _runSync (package:flutter_tools/src/version.dart:525:5)
#1      FlutterVersion._latestGitCommitDate (package:flutter_tools/src/version.dart:145:12)
#2      FlutterVersion.frameworkCommitDate (package:flutter_tools/src/version.dart:133:37)
#3      FlutterVersion.checkFlutterVersionFreshness (package:flutter_tools/src/version.dart:292:62)
<asynchronous suspension>
#4      FlutterCommandRunner.runCommand.<anonymous closure> (package:flutter_tools/src/runner/flutter_command_runner.dart:378:41)
<asynchronous suspension>
#5      AppContext.run.<anonymous closure> (package:flutter_tools/src/base/context.dart:154:29)
<asynchronous suspension>
#6      _rootRun (dart:async/zone.dart:1124:13)
#7      _CustomZone.run (dart:async/zone.dart:1021:19)
#8      _runZoned (dart:async/zone.dart:1516:10)
#9      runZoned (dart:async/zone.dart:1463:12)
#10     AppContext.run (package:flutter_tools/src/base/context.dart:153:18)
<asynchronous suspension>
#11     FlutterCommandRunner.runCommand (package:flutter_tools/src/runner/flutter_command_runner.dart:356:19)
<asynchronous suspension>
#12     CommandRunner.run.<anonymous closure> (package:args/command_runner.dart:112:25)
#13     new Future.sync (dart:async/future.dart:224:31)
#14     CommandRunner.run (package:args/command_runner.dart:112:14)
#15     FlutterCommandRunner.run (package:flutter_tools/src/runner/flutter_command_runner.dart:242:18)
#16     run.<anonymous closure>.<anonymous closure> (package:flutter_tools/runner.dart:63:22)
<asynchronous suspension>
#17     _rootRun (dart:async/zone.dart:1124:13)
#18     _CustomZone.run (dart:async/zone.dart:1021:19)
#19     _runZoned (dart:async/zone.dart:1516:10)
#20     runZoned (dart:async/zone.dart:1500:12)
#21     run.<anonymous closure> (package:flutter_tools/runner.dart:61:18)
<asynchronous suspension>
#22     AppContext.run.<anonymous closure> (package:flutter_tools/src/base/context.dart:154:29)
<asynchronous suspension>
#23     _rootRun (dart:async/zone.dart:1124:13)
#24     _CustomZone.run (dart:async/zone.dart:1021:19)
#25     _runZoned (dart:async/zone.dart:1516:10)
#26     runZoned (dart:async/zone.dart:1463:12)
#27     AppContext.run (package:flutter_tools/src/base/context.dart:153:18)
<asynchronous suspension>
#28     runInContext (package:flutter_tools/src/context_runner.dart:59:24)
<asynchronous suspension>
#29     run (package:flutter_tools/runner.dart:50:10)
#30     main (package:flutter_tools/executable.dart:65:9)
<asynchronous suspension>
#31     main (file:///C:/b/s/w/ir/k/archive/flutter/packages/flutter_tools/bin/flutter_tools.dart:8:3)
#32     _startIsolate.<anonymous closure> (dart:isolate-patch/isolate_patch.dart:303:32)
#33     _RawReceivePortImpl._handleMessage (dart:isolate-patch/isolate_patch.dart:172:12)
```

## flutter doctor

```
[✓] Flutter (Channel stable, v1.9.1+hotfix.6, on Microsoft Windows [Version 10.0.17763.864], locale en-US)
    • Flutter version 1.9.1+hotfix.6 at C:\src\flutter
    • Framework revision 68587a0916 (2 months ago), 2019-09-13 19:46:58 -0700
    • Engine revision b863200c37
    • Dart version 2.5.0

[✓] Android toolchain - develop for Android devices (Android SDK version 29.0.2)
    • Android SDK at C:\Users\Ali_Adel\AppData\Local\Android\sdk
    • Android NDK location not configured (optional; useful for native profiling support)
    • Platform android-29, build-tools 29.0.2
    • Java binary at: C:\Program Files\Android\Android Studio\jre\bin\java
    • Java version OpenJDK Runtime Environment (build 1.8.0_152-release-1343-b01)
    • All Android licenses accepted.

[✓] Android Studio (version 3.4)
    • Android Studio at C:\Program Files\Android\Android Studio
    • Flutter plugin version 39.0.1
    • Dart plugin version 183.6270
    • Java version OpenJDK Runtime Environment (build 1.8.0_152-release-1343-b01)

[✓] IntelliJ IDEA Community Edition (version 2018.3)
    • IntelliJ at C:\Program Files\JetBrains\IntelliJ IDEA Community Edition 2018.3.4
    • Flutter plugin version 37.0.1
    • Dart plugin version 183.6270

[✓] VS Code (version 1.38.1)
    • VS Code at C:\Users\Ali_Adel\AppData\Local\Programs\Microsoft VS Code
    • Flutter extension version 3.6.0

[!] Connected device
    ! No devices available

! Doctor found issues in 1 category.
```
